info: Initialized media directories
info: Matrix bot connected as undefined
info: Matrix Soundboard Bot started successfully
info: Initialized media directories
info: Matrix bot connected as undefined
info: Matrix Soundboard Bot started successfully
info: Homeserver URL: undefined
info: User ID: undefined
info: Access token available: No
info: Homeserver URL: https://matrix.org
info: User ID: @soundboard:matrix.org
info: Access token available: Yes
info: Initialized media directories
info: Creating client with homeserver: https://matrix.org
info: Starting Matrix client...
info: Matrix bot connected as @soundboard:matrix.org
info: Matrix Soundboard Bot started successfully
info: Invited to room !QDvCFSdrNmlKMFEuJe:matrix.org, auto-joining...
error: Error joining room: MatrixError: [403] You don't have permission to post that to the room. user_level (0) < send_level (100) (https://matrix.org/_matrix/client/r0/rooms/!QDvCFSdrNmlKMFEuJe%3Amatrix.org/send/m.room.message/m1742762620782.0)
info: Homeserver URL: https://matrix.org
info: User ID: @soundboard:matrix.org
info: Access token available: Yes
info: Initialized media directories
info: Creating client with homeserver: https://matrix.org
info: Starting Matrix client...
info: Matrix bot connected as @soundboard:matrix.org
info: Matrix Soundboard Bot started successfully
info: Homeserver URL: https://matrix.org
info: User ID: @soundboard:matrix.org
info: Access token available: Yes
info: Initialized media directories
info: Creating client with homeserver: https://matrix.org
info: Starting Matrix client...
info: Matrix bot connected as @soundboard:matrix.org
info: Matrix Soundboard Bot started successfully
info: Invited to room !QDvCFSdrNmlKMFEuJe:matrix.org, auto-joining...
info: Invited to room !xGpyKheQykxXyIKFaB:matrix.org, auto-joining...
error: Error joining room: This room is configured to use encryption, but your client does not support encryption.
error: Error joining room: MatrixError: [403] You don't have permission to post that to the room. user_level (0) < send_level (100) (https://matrix.org/_matrix/client/r0/rooms/!QDvCFSdrNmlKMFEuJe%3Amatrix.org/send/m.room.message/m1742763073156.1)
info: Homeserver URL: https://matrix.org
info: User ID: @soundboard:matrix.org
info: Access token available: Yes
info: Homeserver URL: https://matrix.org
info: User ID: @soundboard:matrix.org
info: Access token available: Yes
info: Homeserver URL: https://matrix.org
info: User ID: @soundboard:matrix.org
info: Access token available: Yes
info: Homeserver URL: https://matrix.org
info: User ID: @soundboard:matrix.org
info: Access token available: Yes
info: Initialized media directories
info: Creating client with homeserver: https://matrix.org
info: Starting Matrix client...
info: Matrix bot connected as @soundboard:matrix.org
info: Matrix Soundboard Bot started successfully
info: Invited to room !QDvCFSdrNmlKMFEuJe:matrix.org, auto-joining...
info: Homeserver URL: https://matrix.org
info: User ID: @soundboard:matrix.org
info: Access token available: Yes
info: Initialized media directories
info: Creating client with homeserver: https://matrix.org
info: Starting Matrix client...
info: Matrix bot connected as @soundboard:matrix.org
info: Matrix Soundboard Bot started successfully
info: Invited to room !QDvCFSdrNmlKMFEuJe:matrix.org, auto-joining...
info: Sync state: PREPARED
info: Initial sync completed, bot is ready to respond to commands
info: Bot is in 1 rooms:
info: - Testspace (!QDvCFSdrNmlKMFEuJe:matrix.org) - unencrypted
info: Sync state: SYNCING
error: Error sending welcome message: MatrixError: [403] You don't have permission to post that to the room. user_level (0) < send_level (100) (https://matrix.org/_matrix/client/r0/rooms/!QDvCFSdrNmlKMFEuJe%3Amatrix.org/send/m.room.message/m1742763667906.0)
info: Homeserver URL: https://matrix.org
info: User ID: @soundboard:matrix.org
info: Access token available: Yes
info: Initialized media directories
info: Creating client with homeserver: https://matrix.org
info: Starting Matrix client...
info: Matrix bot connected as @soundboard:matrix.org
info: Matrix Soundboard Bot started successfully
info: Invited to room !QDvCFSdrNmlKMFEuJe:matrix.org, auto-joining...
info: Sync state: PREPARED
info: Initial sync completed, bot is ready to respond to commands
info: Bot is in 1 rooms:
info: - Testspace (!QDvCFSdrNmlKMFEuJe:matrix.org) - unencrypted
info: Sync state: SYNCING
error: Error sending welcome message: MatrixError: [403] You don't have permission to post that to the room. user_level (0) < send_level (100) (https://matrix.org/_matrix/client/r0/rooms/!QDvCFSdrNmlKMFEuJe%3Amatrix.org/send/m.room.message/m1742763675660.0)
info: Homeserver URL: https://matrix.org
info: User ID: @soundboard:matrix.org
info: Access token available: Yes
info: Initialized media directories
info: Creating client with homeserver: https://matrix.org
info: Starting Matrix client...
info: Matrix bot connected as @soundboard:matrix.org
info: Matrix Soundboard Bot started successfully
info: Invited to room !QDvCFSdrNmlKMFEuJe:matrix.org, auto-joining...
info: Invited to room !QfvlopftFJBKieRMRC:matrix.org, auto-joining...
info: Sync state: PREPARED
info: Initial sync completed, bot is ready to respond to commands
info: Bot is in 2 rooms:
info: - Testspace (!QDvCFSdrNmlKMFEuJe:matrix.org) - unencrypted
info: - Soundboard (!QfvlopftFJBKieRMRC:matrix.org) - unencrypted
info: Sync state: SYNCING
error: Error sending welcome message: MatrixError: [403] You don't have permission to post that to the room. user_level (0) < send_level (100) (https://matrix.org/_matrix/client/r0/rooms/!QDvCFSdrNmlKMFEuJe%3Amatrix.org/send/m.room.message/m1742763733081.0)
error: Error sending welcome message: MatrixError: [403] You don't have permission to post that to the room. user_level (0) < send_level (100) (https://matrix.org/_matrix/client/r0/rooms/!QDvCFSdrNmlKMFEuJe%3Amatrix.org/send/m.room.message/m1742763733081.0)
info: Sync state: SYNCING
info: Sync state: SYNCING
info: Sync state: SYNCING
info: Sync state: SYNCING
info: Sync state: SYNCING
info: Command received from @petgel1:matrix.org in !QfvlopftFJBKieRMRC:matrix.org: !help
info: Sync state: SYNCING
info: Sync state: SYNCING
info: Sync state: SYNCING
info: Sync state: SYNCING
info: Sync state: SYNCING
info: Command received from @petgel1:matrix.org in !QfvlopftFJBKieRMRC:matrix.org: !sound list
error: Error handling command !sound: this.mediaManager.listSounds is not a function
info: Sync state: SYNCING
info: Sync state: SYNCING
info: Sync state: SYNCING
info: Sync state: SYNCING
info: Sync state: SYNCING
info: Command received from @petgel1:matrix.org in !QfvlopftFJBKieRMRC:matrix.org: !sound play hallo
info: Sync state: SYNCING
info: Sync state: SYNCING
info: Sync state: SYNCING
info: Sync state: SYNCING
info: Command received from @petgel1:matrix.org in !QfvlopftFJBKieRMRC:matrix.org: !sound play hallo.mp3
info: Sync state: SYNCING
info: Sync state: SYNCING
info: Sync state: SYNCING
info: Sync state: SYNCING
info: Sync state: SYNCING
info: Sync state: SYNCING
info: Command received from @petgel1:matrix.org in !QfvlopftFJBKieRMRC:matrix.org: !sound play hallo123
info: Sync state: SYNCING
info: Sync state: SYNCING
info: Sync state: SYNCING
info: Sync state: SYNCING
info: Sync state: SYNCING
info: Command received from @petgel1:matrix.org in !QfvlopftFJBKieRMRC:matrix.org: !ping
info: Sync state: SYNCING
info: Sync state: SYNCING
info: Sync state: SYNCING
info: Sync state: SYNCING
info: Sync state: SYNCING
info: Command received from @petgel1:matrix.org in !QfvlopftFJBKieRMRC:matrix.org: !status
info: Sync state: SYNCING
info: Sync state: SYNCING
info: Sync state: SYNCING
info: Sync state: SYNCING
info: Sync state: SYNCING
info: Sync state: SYNCING
info: Homeserver URL: https://matrix.org
info: User ID: @soundboard:matrix.org
info: Access token available: Yes
info: Initialized media directories: ./sounds, ./cache
info: Found 3 sound files
info: Creating client with homeserver: https://matrix.org
info: Starting Matrix client...
info: Matrix bot connected as @soundboard:matrix.org
info: Matrix Soundboard Bot started successfully
info: Invited to room !QDvCFSdrNmlKMFEuJe:matrix.org, auto-joining...
info: Command received from @petgel1:matrix.org in !QfvlopftFJBKieRMRC:matrix.org: !sound play hallo
info: Command received from @petgel1:matrix.org in !QfvlopftFJBKieRMRC:matrix.org: !sound play hallo.mp3
info: Command received from @petgel1:matrix.org in !QfvlopftFJBKieRMRC:matrix.org: !sound play hallo123
info: Command received from @petgel1:matrix.org in !QfvlopftFJBKieRMRC:matrix.org: !ping
info: Command received from @petgel1:matrix.org in !QfvlopftFJBKieRMRC:matrix.org: !status
info: Sync state: PREPARED
info: Initial sync completed, bot is ready to respond to commands
info: Bot is in 2 rooms:
info: - Testspace (!QDvCFSdrNmlKMFEuJe:matrix.org) - unencrypted
info: - Soundboard (!QfvlopftFJBKieRMRC:matrix.org) - unencrypted
info: Sync state: SYNCING
info: Sync state: SYNCING
info: Sync state: SYNCING
info: Sync state: SYNCING
info: Sync state: SYNCING
info: Sync state: SYNCING
error: Error sending welcome message: MatrixError: [403] You don't have permission to post that to the room. user_level (0) < send_level (100) (https://matrix.org/_matrix/client/r0/rooms/!QDvCFSdrNmlKMFEuJe%3Amatrix.org/send/m.room.message/m1742763979978.5)
info: Sync state: SYNCING
info: Sync state: SYNCING
info: Sync state: SYNCING
info: Sync state: SYNCING
info: Sync state: SYNCING
info: Sync state: SYNCING
info: Sync state: SYNCING
info: Sync state: SYNCING
info: Sync state: SYNCING
info: Sync state: SYNCING
info: Sync state: SYNCING
info: Sync state: SYNCING
info: Sync state: SYNCING
info: Command received from @petgel1:matrix.org in !QfvlopftFJBKieRMRC:matrix.org: !sound list
info: Sync state: SYNCING
info: Sync state: SYNCING
info: Sync state: SYNCING
info: Sync state: SYNCING
info: Sync state: SYNCING
info: Sync state: SYNCING
info: Sync state: SYNCING
info: Sync state: SYNCING
info: Sync state: SYNCING
info: Sync state: SYNCING
info: Homeserver URL: https://matrix.org
info: User ID: @soundboard:matrix.org
info: Access token available: Yes
info: Initialized media directories: ./sounds, ./cache
info: Found 3 sound files
info: Creating client with homeserver: https://matrix.org
info: Starting Matrix client...
info: Matrix bot connected as @soundboard:matrix.org
info: Matrix Soundboard Bot started successfully
info: Invited to room !QDvCFSdrNmlKMFEuJe:matrix.org, auto-joining...
info: Command received from @petgel1:matrix.org in !QfvlopftFJBKieRMRC:matrix.org: !sound list
info: Sync state: PREPARED
info: Initial sync completed, bot is ready to respond to commands
info: Bot is in 2 rooms:
info: - Testspace (!QDvCFSdrNmlKMFEuJe:matrix.org) - unencrypted
info: - Soundboard (!QfvlopftFJBKieRMRC:matrix.org) - unencrypted
info: Sync state: SYNCING
info: Sync state: SYNCING
error: Error sending welcome message: MatrixError: [403] You don't have permission to post that to the room. user_level (0) < send_level (100) (https://matrix.org/_matrix/client/r0/rooms/!QDvCFSdrNmlKMFEuJe%3Amatrix.org/send/m.room.message/m1742764276269.1)
info: Homeserver URL: https://matrix.org
info: User ID: @soundboard:matrix.org
info: Access token available: Yes
info: Initialized media directories: ./sounds, ./cache
info: Found 3 sound files
info: Creating client with homeserver: https://matrix.org
info: Starting Matrix client...
info: Matrix bot connected as @soundboard:matrix.org
info: Matrix Soundboard Bot started successfully
info: Invited to room !QDvCFSdrNmlKMFEuJe:matrix.org, auto-joining...
info: Command received from @petgel1:matrix.org in !QfvlopftFJBKieRMRC:matrix.org: !sound list
info: Sync state: PREPARED
info: Initial sync completed, bot is ready to respond to commands
info: Bot is in 2 rooms:
info: - Testspace (!QDvCFSdrNmlKMFEuJe:matrix.org) - unencrypted
info: - Soundboard (!QfvlopftFJBKieRMRC:matrix.org) - unencrypted
info: Sync state: SYNCING
info: Sync state: SYNCING
info: Sync state: SYNCING
info: Sync state: SYNCING
error: Error sending welcome message: MatrixError: [403] You don't have permission to post that to the room. user_level (0) < send_level (100) (https://matrix.org/_matrix/client/r0/rooms/!QDvCFSdrNmlKMFEuJe%3Amatrix.org/send/m.room.message/m1742764351526.1)
info: Sync state: SYNCING
info: Sync state: SYNCING
info: Sync state: SYNCING
info: Sync state: SYNCING
info: Sync state: SYNCING
info: Command received from @petgel1:matrix.org in !QfvlopftFJBKieRMRC:matrix.org: !sound play hallo
info: Sync state: SYNCING
info: Sync state: SYNCING
info: Sync state: SYNCING
info: Sync state: SYNCING
info: Sync state: SYNCING
info: Homeserver URL: https://matrix.org
info: User ID: @soundboard:matrix.org
info: Access token available: Yes
info: Initialized media directories: ./sounds, ./cache
info: Found 3 sound files
info: Creating client with homeserver: https://matrix.org
info: Starting Matrix client...
info: Matrix bot connected as @soundboard:matrix.org
info: Matrix Soundboard Bot started successfully
info: Invited to room !QDvCFSdrNmlKMFEuJe:matrix.org, auto-joining...
info: Command received from @petgel1:matrix.org in !QfvlopftFJBKieRMRC:matrix.org: !sound list
info: Command received from @petgel1:matrix.org in !QfvlopftFJBKieRMRC:matrix.org: !sound play hallo
info: Sync state: PREPARED
info: Initial sync completed, bot is ready to respond to commands
info: Bot is in 2 rooms:
info: - Testspace (!QDvCFSdrNmlKMFEuJe:matrix.org) - unencrypted
info: - Soundboard (!QfvlopftFJBKieRMRC:matrix.org) - unencrypted
info: Sync state: SYNCING
info: Sync state: SYNCING
info: Sync state: SYNCING
error: Error sending welcome message: MatrixError: [403] You don't have permission to post that to the room. user_level (0) < send_level (100) (https://matrix.org/_matrix/client/r0/rooms/!QDvCFSdrNmlKMFEuJe%3Amatrix.org/send/m.room.message/m1742764683111.2)
info: Sync state: SYNCING
info: Sync state: SYNCING
info: Sync state: SYNCING
info: Sync state: SYNCING
info: Sync state: SYNCING
info: Sync state: SYNCING
info: Homeserver URL: https://matrix.org
info: User ID: @soundboard:matrix.org
info: Access token available: Yes
info: Initialized media directories: ./sounds, ./cache
info: Found 3 sound files
info: Creating client with homeserver: https://matrix.org
info: Starting Matrix client...
info: Matrix bot connected as @soundboard:matrix.org
info: Matrix Soundboard Bot started successfully
info: Homeserver URL: https://matrix.org {"timestamp":"2025-03-23T21:21:34.534Z"}
info: User ID: @soundboard:matrix.org {"timestamp":"2025-03-23T21:21:34.536Z"}
info: Access token available: Yes {"timestamp":"2025-03-23T21:21:34.537Z"}
info: Initialized media directories: ./sounds, ./cache {"timestamp":"2025-03-23T21:21:34.539Z"}
info: Found 3 sound files {"timestamp":"2025-03-23T21:21:34.539Z"}
info: Creating client with homeserver: https://matrix.org {"timestamp":"2025-03-23T21:21:34.540Z"}
info: Starting Matrix client... {"timestamp":"2025-03-23T21:21:34.541Z"}
info: Matrix bot connected as @soundboard:matrix.org {"timestamp":"2025-03-23T21:21:34.693Z"}
info: Matrix Soundboard Bot started successfully {"timestamp":"2025-03-23T21:21:34.693Z"}
info: Invited to room !QDvCFSdrNmlKMFEuJe:matrix.org, auto-joining... {"timestamp":"2025-03-23T21:21:34.878Z"}
info: Sync state: PREPARED {"timestamp":"2025-03-23T21:21:34.882Z"}
info: Initial sync completed, bot is ready to respond to commands {"timestamp":"2025-03-23T21:21:34.882Z"}
info: Bot is in 2 rooms: {"timestamp":"2025-03-23T21:21:34.882Z"}
info: - Testspace (!QDvCFSdrNmlKMFEuJe:matrix.org) - unencrypted {"timestamp":"2025-03-23T21:21:34.883Z"}
info: - Soundboard (!QfvlopftFJBKieRMRC:matrix.org) - unencrypted {"timestamp":"2025-03-23T21:21:34.883Z"}
info: Sync state: SYNCING {"timestamp":"2025-03-23T21:21:34.883Z"}
error: Error sending welcome message: MatrixError: [403] You don't have permission to post that to the room. user_level (0) < send_level (100) (https://matrix.org/_matrix/client/r0/rooms/!QDvCFSdrNmlKMFEuJe%3Amatrix.org/send/m.room.message/m1742764897015.0) {"timestamp":"2025-03-23T21:21:37.116Z"}
info: Command received from @petgel1:matrix.org in !QfvlopftFJBKieRMRC:matrix.org: !sound play hallo {"timestamp":"2025-03-23T21:21:44.139Z"}
info: Sync state: SYNCING {"timestamp":"2025-03-23T21:21:44.140Z"}
info: Sync state: SYNCING {"timestamp":"2025-03-23T21:21:44.572Z"}
info: Sync state: SYNCING {"timestamp":"2025-03-23T21:21:46.259Z"}
info: Sync state: SYNCING {"timestamp":"2025-03-23T21:22:16.326Z"}
info: Sync state: SYNCING {"timestamp":"2025-03-23T21:22:46.391Z"}
info: Sync state: SYNCING {"timestamp":"2025-03-23T21:23:16.466Z"}
info: Sync state: SYNCING {"timestamp":"2025-03-23T21:23:46.521Z"}
info: Sync state: SYNCING {"timestamp":"2025-03-23T21:24:16.656Z"}
info: Sync state: SYNCING {"timestamp":"2025-03-23T21:24:46.715Z"}
info: Sync state: SYNCING {"timestamp":"2025-03-23T21:25:16.811Z"}
info: Sync state: SYNCING {"timestamp":"2025-03-23T21:25:46.890Z"}
info: Sync state: SYNCING {"timestamp":"2025-03-23T21:26:16.954Z"}
info: Sync state: SYNCING {"timestamp":"2025-03-23T21:26:47.013Z"}
info: Sync state: SYNCING {"timestamp":"2025-03-23T21:27:17.086Z"}
info: Sync state: SYNCING {"timestamp":"2025-03-23T21:27:47.146Z"}
info: Sync state: SYNCING {"timestamp":"2025-03-23T21:28:17.204Z"}
info: Sync state: SYNCING {"timestamp":"2025-03-23T21:28:47.264Z"}
info: Received SIGINT, shutting down... {"timestamp":"2025-03-23T21:28:59.836Z"}
info: Homeserver URL: https://matrix.org {"timestamp":"2025-03-23T21:30:51.474Z"}
info: User ID: @soundboard:matrix.org {"timestamp":"2025-03-23T21:30:51.476Z"}
info: Access token available: Yes {"timestamp":"2025-03-23T21:30:51.477Z"}
info: Initialized media directories: ./sounds, ./cache {"timestamp":"2025-03-23T21:30:51.479Z"}
info: Found 3 sound files {"timestamp":"2025-03-23T21:30:51.480Z"}
info: Creating client with homeserver: https://matrix.org {"timestamp":"2025-03-23T21:30:51.480Z"}
info: Starting Matrix client... {"timestamp":"2025-03-23T21:30:51.482Z"}
info: Matrix bot connected as @soundboard:matrix.org {"timestamp":"2025-03-23T21:30:51.677Z"}
info: Matrix Soundboard Bot started successfully {"timestamp":"2025-03-23T21:30:51.677Z"}
info: Invited to room !QDvCFSdrNmlKMFEuJe:matrix.org, auto-joining... {"timestamp":"2025-03-23T21:30:53.081Z"}
info: Sync state: PREPARED {"timestamp":"2025-03-23T21:30:53.087Z"}
info: Initial sync completed, bot is ready to respond to commands {"timestamp":"2025-03-23T21:30:53.087Z"}
info: Bot is in 2 rooms: {"timestamp":"2025-03-23T21:30:53.088Z"}
info: - Testspace (!QDvCFSdrNmlKMFEuJe:matrix.org) - unencrypted {"timestamp":"2025-03-23T21:30:53.088Z"}
info: - Soundboard (!QfvlopftFJBKieRMRC:matrix.org) - unencrypted {"timestamp":"2025-03-23T21:30:53.088Z"}
info: Sync state: SYNCING {"timestamp":"2025-03-23T21:30:53.088Z"}
error: Error sending welcome message: MatrixError: [403] You don't have permission to post that to the room. user_level (0) < send_level (100) (https://matrix.org/_matrix/client/r0/rooms/!QDvCFSdrNmlKMFEuJe%3Amatrix.org/send/m.room.message/m1742765456192.0) {"timestamp":"2025-03-23T21:30:56.341Z"}
info: Sync state: SYNCING {"timestamp":"2025-03-23T21:31:23.944Z"}
info: Sync state: SYNCING {"timestamp":"2025-03-23T21:31:54.133Z"}
info: Sync state: SYNCING {"timestamp":"2025-03-23T21:32:24.191Z"}
info: Sync state: SYNCING {"timestamp":"2025-03-23T21:32:54.292Z"}
info: Sync state: SYNCING {"timestamp":"2025-03-23T21:33:24.380Z"}
info: Sync state: SYNCING {"timestamp":"2025-03-23T21:33:55.037Z"}
info: Sync state: SYNCING {"timestamp":"2025-03-23T21:34:25.213Z"}
info: Sync state: SYNCING {"timestamp":"2025-03-23T21:34:55.286Z"}
info: Sync state: SYNCING {"timestamp":"2025-03-23T21:35:25.352Z"}
info: Sync state: SYNCING {"timestamp":"2025-03-23T21:35:55.430Z"}
info: Sync state: SYNCING {"timestamp":"2025-03-23T21:36:25.561Z"}
info: Sync state: SYNCING {"timestamp":"2025-03-23T21:36:55.658Z"}
info: Sync state: SYNCING {"timestamp":"2025-03-23T21:37:25.717Z"}
info: Sync state: SYNCING {"timestamp":"2025-03-23T21:37:55.863Z"}
info: Sync state: SYNCING {"timestamp":"2025-03-23T21:38:25.955Z"}
info: Received SIGINT, shutting down... {"timestamp":"2025-03-23T21:38:54.782Z"}
info: Homeserver URL: https://matrix.org {"timestamp":"2025-03-23T21:38:58.578Z"}
info: User ID: @soundboard:matrix.org {"timestamp":"2025-03-23T21:38:58.580Z"}
info: Access token available: Yes {"timestamp":"2025-03-23T21:38:58.581Z"}
info: Initialized media directories: ./sounds, ./cache {"timestamp":"2025-03-23T21:38:58.584Z"}
info: Found 3 sound files {"timestamp":"2025-03-23T21:38:58.585Z"}
info: Creating client with homeserver: https://matrix.org {"timestamp":"2025-03-23T21:38:58.585Z"}
info: Starting Matrix client... {"timestamp":"2025-03-23T21:38:58.586Z"}
info: Matrix bot connected as @soundboard:matrix.org {"timestamp":"2025-03-23T21:38:58.786Z"}
info: Matrix Soundboard Bot started successfully {"timestamp":"2025-03-23T21:38:58.787Z"}
info: Invited to room !QDvCFSdrNmlKMFEuJe:matrix.org, auto-joining... {"timestamp":"2025-03-23T21:38:59.194Z"}
info: Sync state: PREPARED {"timestamp":"2025-03-23T21:38:59.198Z"}
info: Initial sync completed, bot is ready to respond to commands {"timestamp":"2025-03-23T21:38:59.198Z"}
info: Bot is in 2 rooms: {"timestamp":"2025-03-23T21:38:59.198Z"}
info: - Testspace (!QDvCFSdrNmlKMFEuJe:matrix.org) - unencrypted {"timestamp":"2025-03-23T21:38:59.199Z"}
info: - Soundboard (!QfvlopftFJBKieRMRC:matrix.org) - unencrypted {"timestamp":"2025-03-23T21:38:59.199Z"}
info: Sync state: SYNCING {"timestamp":"2025-03-23T21:38:59.199Z"}
error: Error sending welcome message: MatrixError: [403] You don't have permission to post that to the room. user_level (0) < send_level (100) (https://matrix.org/_matrix/client/r0/rooms/!QDvCFSdrNmlKMFEuJe%3Amatrix.org/send/m.room.message/m1742765941542.0) {"timestamp":"2025-03-23T21:39:01.770Z"}
info: Command received from @petgel1:matrix.org in !QfvlopftFJBKieRMRC:matrix.org: !sound play hallo {"timestamp":"2025-03-23T21:39:14.837Z"}
info: Sync state: SYNCING {"timestamp":"2025-03-23T21:39:14.838Z"}
info: No active call detected in room !QfvlopftFJBKieRMRC:matrix.org, but will attempt to play sound anyway {"timestamp":"2025-03-23T21:39:14.841Z"}
info: No active call widget found in room !QfvlopftFJBKieRMRC:matrix.org, but proceeding anyway {"timestamp":"2025-03-23T21:39:15.314Z"}
info: Playing sound hallo in call in room !QfvlopftFJBKieRMRC:matrix.org {"timestamp":"2025-03-23T21:39:15.315Z"}
info: Sync state: SYNCING {"timestamp":"2025-03-23T21:39:15.376Z"}
info: Sync state: SYNCING {"timestamp":"2025-03-23T21:39:15.584Z"}
info: Sync state: SYNCING {"timestamp":"2025-03-23T21:39:16.039Z"}
info: Invited to room !HcsVpErwiYhyLExekw:matrix.org, auto-joining... {"timestamp":"2025-03-23T21:39:41.749Z"}
info: Sync state: SYNCING {"timestamp":"2025-03-23T21:39:41.751Z"}
info: Sync state: SYNCING {"timestamp":"2025-03-23T21:39:43.692Z"}
info: Room !HcsVpErwiYhyLExekw:matrix.org is encrypted, can't send messages {"timestamp":"2025-03-23T21:39:44.644Z"}
info: Sync state: SYNCING {"timestamp":"2025-03-23T21:39:50.702Z"}
info: Sync state: SYNCING {"timestamp":"2025-03-23T21:39:51.460Z"}
info: Sync state: SYNCING {"timestamp":"2025-03-23T21:39:55.972Z"}
info: Sync state: SYNCING {"timestamp":"2025-03-23T21:39:56.864Z"}
info: Sync state: SYNCING {"timestamp":"2025-03-23T21:39:57.235Z"}
info: Sync state: SYNCING {"timestamp":"2025-03-23T21:40:05.271Z"}
info: Sync state: SYNCING {"timestamp":"2025-03-23T21:40:20.587Z"}
info: Received SIGINT, shutting down... {"timestamp":"2025-03-23T21:40:22.764Z"}
info: Homeserver URL: https://matrix.org {"timestamp":"2025-03-23T21:40:26.371Z"}
info: User ID: @soundboard:matrix.org {"timestamp":"2025-03-23T21:40:26.373Z"}
info: Access token available: Yes {"timestamp":"2025-03-23T21:40:26.374Z"}
info: Initialized media directories: ./sounds, ./cache {"timestamp":"2025-03-23T21:40:26.377Z"}
info: Found 3 sound files {"timestamp":"2025-03-23T21:40:26.377Z"}
info: Creating client with homeserver: https://matrix.org {"timestamp":"2025-03-23T21:40:26.378Z"}
info: Starting Matrix client... {"timestamp":"2025-03-23T21:40:26.380Z"}
info: Matrix bot connected as @soundboard:matrix.org {"timestamp":"2025-03-23T21:40:26.565Z"}
info: Matrix Soundboard Bot started successfully {"timestamp":"2025-03-23T21:40:26.566Z"}
info: Invited to room !QDvCFSdrNmlKMFEuJe:matrix.org, auto-joining... {"timestamp":"2025-03-23T21:40:28.309Z"}
info: Sync state: PREPARED {"timestamp":"2025-03-23T21:40:28.316Z"}
info: Initial sync completed, bot is ready to respond to commands {"timestamp":"2025-03-23T21:40:28.316Z"}
info: Bot is in 2 rooms: {"timestamp":"2025-03-23T21:40:28.316Z"}
info: - Testspace (!QDvCFSdrNmlKMFEuJe:matrix.org) - unencrypted {"timestamp":"2025-03-23T21:40:28.317Z"}
info: - Soundboard (!QfvlopftFJBKieRMRC:matrix.org) - unencrypted {"timestamp":"2025-03-23T21:40:28.317Z"}
info: Sync state: SYNCING {"timestamp":"2025-03-23T21:40:28.317Z"}
info: Invited to room !HcsVpErwiYhyLExekw:matrix.org, auto-joining... {"timestamp":"2025-03-23T21:40:29.054Z"}
info: Sync state: SYNCING {"timestamp":"2025-03-23T21:40:29.056Z"}
error: Error sending welcome message: MatrixError: [403] You don't have permission to post that to the room. user_level (0) < send_level (100) (https://matrix.org/_matrix/client/r0/rooms/!QDvCFSdrNmlKMFEuJe%3Amatrix.org/send/m.room.message/m1742766030508.0) {"timestamp":"2025-03-23T21:40:31.290Z"}
info: Room !HcsVpErwiYhyLExekw:matrix.org is encrypted, can't send messages {"timestamp":"2025-03-23T21:40:31.334Z"}
info: Sync state: SYNCING {"timestamp":"2025-03-23T21:40:59.171Z"}
info: Sync state: SYNCING {"timestamp":"2025-03-23T21:41:29.391Z"}
info: Command received from @petgel1:matrix.org in !QfvlopftFJBKieRMRC:matrix.org: !sound play hallo {"timestamp":"2025-03-23T21:41:31.398Z"}
info: Sync state: SYNCING {"timestamp":"2025-03-23T21:41:31.399Z"}
info: No active call detected in room !QfvlopftFJBKieRMRC:matrix.org, but will attempt to play sound anyway {"timestamp":"2025-03-23T21:41:31.400Z"}
info: No active call widget found in room !QfvlopftFJBKieRMRC:matrix.org, but proceeding anyway {"timestamp":"2025-03-23T21:41:31.674Z"}
info: Playing sound hallo in call in room !QfvlopftFJBKieRMRC:matrix.org {"timestamp":"2025-03-23T21:41:31.675Z"}
info: Sync state: SYNCING {"timestamp":"2025-03-23T21:41:31.804Z"}
info: Sync state: SYNCING {"timestamp":"2025-03-23T21:41:32.000Z"}
info: Sync state: SYNCING {"timestamp":"2025-03-23T21:41:32.677Z"}
info: Sync state: SYNCING {"timestamp":"2025-03-23T21:41:33.672Z"}
info: Sync state: SYNCING {"timestamp":"2025-03-23T21:41:55.702Z"}
info: Sync state: SYNCING {"timestamp":"2025-03-23T21:41:56.644Z"}
info: Sync state: SYNCING {"timestamp":"2025-03-23T21:41:56.922Z"}
info: Sync state: SYNCING {"timestamp":"2025-03-23T21:42:27.017Z"}
info: Sync state: SYNCING {"timestamp":"2025-03-23T21:42:57.091Z"}
info: Sync state: SYNCING {"timestamp":"2025-03-23T21:43:27.178Z"}
info: Sync state: SYNCING {"timestamp":"2025-03-23T21:43:57.303Z"}
info: Sync state: SYNCING {"timestamp":"2025-03-23T21:44:27.846Z"}
info: Command received from @petgel1:matrix.org in !QfvlopftFJBKieRMRC:matrix.org: !sound play hallo {"timestamp":"2025-03-23T21:44:37.029Z"}
info: Sync state: SYNCING {"timestamp":"2025-03-23T21:44:37.030Z"}
info: No active call detected in room !QfvlopftFJBKieRMRC:matrix.org, but will attempt to play sound anyway {"timestamp":"2025-03-23T21:44:37.031Z"}
info: Playing sound hallo in call in room !QfvlopftFJBKieRMRC:matrix.org {"timestamp":"2025-03-23T21:44:37.309Z"}
info: Sync state: SYNCING {"timestamp":"2025-03-23T21:44:37.942Z"}
info: Sync state: SYNCING {"timestamp":"2025-03-23T21:44:38.503Z"}
info: Sync state: SYNCING {"timestamp":"2025-03-23T21:44:39.399Z"}
info: Sync state: SYNCING {"timestamp":"2025-03-23T21:44:43.180Z"}
info: Sync state: SYNCING {"timestamp":"2025-03-23T21:44:58.384Z"}
info: Sync state: SYNCING {"timestamp":"2025-03-23T21:45:28.496Z"}
info: Received SIGINT, shutting down... {"timestamp":"2025-03-23T21:45:31.874Z"}
info: Homeserver URL: https://matrix.org {"timestamp":"2025-03-23T21:49:08.847Z"}
info: User ID: @soundboard:matrix.org {"timestamp":"2025-03-23T21:49:08.850Z"}
info: Access token available: Yes {"timestamp":"2025-03-23T21:49:08.850Z"}
info: Initialized media directories: ./sounds, ./cache {"timestamp":"2025-03-23T21:49:08.853Z"}
info: Found 3 sound files {"timestamp":"2025-03-23T21:49:08.853Z"}
info: Creating client with homeserver: https://matrix.org {"timestamp":"2025-03-23T21:49:08.854Z"}
info: Starting Matrix client... {"timestamp":"2025-03-23T21:49:08.856Z"}
info: Matrix bot connected as @soundboard:matrix.org {"timestamp":"2025-03-23T21:49:09.043Z"}
info: Matrix Soundboard Bot started successfully {"timestamp":"2025-03-23T21:49:09.043Z"}
info: Invited to room !QDvCFSdrNmlKMFEuJe:matrix.org, auto-joining... {"timestamp":"2025-03-23T21:49:09.551Z"}
info: Sync state: PREPARED {"timestamp":"2025-03-23T21:49:09.558Z"}
info: Initial sync completed, bot is ready to respond to commands {"timestamp":"2025-03-23T21:49:09.558Z"}
info: Bot is in 3 rooms: {"timestamp":"2025-03-23T21:49:09.558Z"}
info: - Testspace (!QDvCFSdrNmlKMFEuJe:matrix.org) - unencrypted {"timestamp":"2025-03-23T21:49:09.558Z"}
info: - Soundboard (!QfvlopftFJBKieRMRC:matrix.org) - unencrypted {"timestamp":"2025-03-23T21:49:09.558Z"}
info: - Videoraum (!HcsVpErwiYhyLExekw:matrix.org) - ENCRYPTED {"timestamp":"2025-03-23T21:49:09.558Z"}
info: Sync state: SYNCING {"timestamp":"2025-03-23T21:49:09.559Z"}
error: Error sending welcome message: MatrixError: [403] You don't have permission to post that to the room. user_level (0) < send_level (100) (https://matrix.org/_matrix/client/r0/rooms/!QDvCFSdrNmlKMFEuJe%3Amatrix.org/send/m.room.message/m1742766551765.0) {"timestamp":"2025-03-23T21:49:11.876Z"}
info: Command received from @petgel1:matrix.org in !QfvlopftFJBKieRMRC:matrix.org: !sound play hallo {"timestamp":"2025-03-23T21:49:37.540Z"}
info: Sync state: SYNCING {"timestamp":"2025-03-23T21:49:37.540Z"}
info: Playing sound hallo in room !QfvlopftFJBKieRMRC:matrix.org {"timestamp":"2025-03-23T21:49:37.727Z"}
info: Sync state: SYNCING {"timestamp":"2025-03-23T21:49:37.803Z"}
info: Sync state: SYNCING {"timestamp":"2025-03-23T21:49:40.039Z"}
info: Sync state: SYNCING {"timestamp":"2025-03-23T21:50:10.161Z"}
info: Sync state: SYNCING {"timestamp":"2025-03-23T21:50:40.217Z"}
info: Sync state: SYNCING {"timestamp":"2025-03-23T21:51:10.273Z"}
info: Sync state: SYNCING {"timestamp":"2025-03-23T21:51:40.326Z"}
info: Sync state: SYNCING {"timestamp":"2025-03-23T21:52:10.376Z"}
info: Sync state: SYNCING {"timestamp":"2025-03-23T21:52:40.429Z"}
info: Sync state: SYNCING {"timestamp":"2025-03-23T21:53:10.518Z"}
info: Sync state: SYNCING {"timestamp":"2025-03-23T21:53:40.577Z"}
info: Received SIGINT, shutting down... {"timestamp":"2025-03-23T21:53:48.677Z"}
info: Homeserver URL: https://matrix.org {"timestamp":"2025-03-23T21:53:51.191Z"}
info: User ID: @soundboard:matrix.org {"timestamp":"2025-03-23T21:53:51.193Z"}
info: Access token available: Yes {"timestamp":"2025-03-23T21:53:51.194Z"}
info: Initialized media directories: ./sounds, ./cache {"timestamp":"2025-03-23T21:53:51.196Z"}
info: Found 3 sound files {"timestamp":"2025-03-23T21:53:51.197Z"}
info: Creating client with homeserver: https://matrix.org {"timestamp":"2025-03-23T21:53:51.197Z"}
info: Starting Matrix client... {"timestamp":"2025-03-23T21:53:51.199Z"}
info: Matrix bot connected as @soundboard:matrix.org {"timestamp":"2025-03-23T21:53:51.378Z"}
info: Matrix Soundboard Bot started successfully {"timestamp":"2025-03-23T21:53:51.378Z"}
info: Invited to room !QDvCFSdrNmlKMFEuJe:matrix.org, auto-joining... {"timestamp":"2025-03-23T21:53:51.874Z"}
info: Command received from @petgel1:matrix.org in !QfvlopftFJBKieRMRC:matrix.org: !sound play hallo {"timestamp":"2025-03-23T21:53:51.880Z"}
info: Command received from @petgel1:matrix.org in !QfvlopftFJBKieRMRC:matrix.org: !sound play hallo {"timestamp":"2025-03-23T21:53:51.881Z"}
info: Command received from @petgel1:matrix.org in !QfvlopftFJBKieRMRC:matrix.org: !sound play hallo {"timestamp":"2025-03-23T21:53:51.881Z"}
info: Sync state: PREPARED {"timestamp":"2025-03-23T21:53:51.885Z"}
info: Initial sync completed, bot is ready to respond to commands {"timestamp":"2025-03-23T21:53:51.885Z"}
info: Bot is in 3 rooms: {"timestamp":"2025-03-23T21:53:51.885Z"}
info: - Testspace (!QDvCFSdrNmlKMFEuJe:matrix.org) - unencrypted {"timestamp":"2025-03-23T21:53:51.885Z"}
info: - Videoraum (!HcsVpErwiYhyLExekw:matrix.org) - ENCRYPTED {"timestamp":"2025-03-23T21:53:51.885Z"}
info: - Soundboard (!QfvlopftFJBKieRMRC:matrix.org) - unencrypted {"timestamp":"2025-03-23T21:53:51.885Z"}
info: Sync state: SYNCING {"timestamp":"2025-03-23T21:53:51.885Z"}
info: Attempting to join call in room: !QfvlopftFJBKieRMRC:matrix.org (Soundboard) {"timestamp":"2025-03-23T21:53:52.392Z"}
info: No widget events found in room !QfvlopftFJBKieRMRC:matrix.org {"timestamp":"2025-03-23T21:53:52.392Z"}
info: No active call found in room !QfvlopftFJBKieRMRC:matrix.org, creating one. {"timestamp":"2025-03-23T21:53:52.392Z"}
error: Failed to join call in room !QfvlopftFJBKieRMRC:matrix.org, cannot play sound {"timestamp":"2025-03-23T21:53:52.392Z"}
info: Sync state: SYNCING {"timestamp":"2025-03-23T21:53:52.445Z"}
info: Attempting to join call in room: !QfvlopftFJBKieRMRC:matrix.org (Soundboard) {"timestamp":"2025-03-23T21:53:52.624Z"}
info: No widget events found in room !QfvlopftFJBKieRMRC:matrix.org {"timestamp":"2025-03-23T21:53:52.624Z"}
info: No active call found in room !QfvlopftFJBKieRMRC:matrix.org, creating one. {"timestamp":"2025-03-23T21:53:52.624Z"}
error: Failed to join call in room !QfvlopftFJBKieRMRC:matrix.org, cannot play sound {"timestamp":"2025-03-23T21:53:52.624Z"}
info: Sync state: SYNCING {"timestamp":"2025-03-23T21:53:52.730Z"}
info: Attempting to join call in room: !QfvlopftFJBKieRMRC:matrix.org (Soundboard) {"timestamp":"2025-03-23T21:53:52.824Z"}
info: No widget events found in room !QfvlopftFJBKieRMRC:matrix.org {"timestamp":"2025-03-23T21:53:52.825Z"}
info: No active call found in room !QfvlopftFJBKieRMRC:matrix.org, creating one. {"timestamp":"2025-03-23T21:53:52.825Z"}
error: Failed to join call in room !QfvlopftFJBKieRMRC:matrix.org, cannot play sound {"timestamp":"2025-03-23T21:53:52.825Z"}
info: Sync state: SYNCING {"timestamp":"2025-03-23T21:53:52.903Z"}
info: Sync state: SYNCING {"timestamp":"2025-03-23T21:53:53.133Z"}
info: Sync state: SYNCING {"timestamp":"2025-03-23T21:53:53.425Z"}
info: Sync state: SYNCING {"timestamp":"2025-03-23T21:53:53.655Z"}
error: Error sending welcome message: MatrixError: [403] You don't have permission to post that to the room. user_level (0) < send_level (100) (https://matrix.org/_matrix/client/r0/rooms/!QDvCFSdrNmlKMFEuJe%3Amatrix.org/send/m.room.message/m1742766834148.6) {"timestamp":"2025-03-23T21:53:54.249Z"}
info: Sync state: SYNCING {"timestamp":"2025-03-23T21:54:06.463Z"}
info: Command received from @petgel1:matrix.org in !QfvlopftFJBKieRMRC:matrix.org: !sound play hallo {"timestamp":"2025-03-23T21:54:16.290Z"}
info: Sync state: SYNCING {"timestamp":"2025-03-23T21:54:16.291Z"}
info: Attempting to join call in room: !QfvlopftFJBKieRMRC:matrix.org (Soundboard) {"timestamp":"2025-03-23T21:54:16.481Z"}
info: No widget events found in room !QfvlopftFJBKieRMRC:matrix.org {"timestamp":"2025-03-23T21:54:16.482Z"}
info: No active call found in room !QfvlopftFJBKieRMRC:matrix.org, creating one. {"timestamp":"2025-03-23T21:54:16.482Z"}
error: Failed to join call in room !QfvlopftFJBKieRMRC:matrix.org, cannot play sound {"timestamp":"2025-03-23T21:54:16.482Z"}
info: Sync state: SYNCING {"timestamp":"2025-03-23T21:54:16.556Z"}
info: Sync state: SYNCING {"timestamp":"2025-03-23T21:54:16.864Z"}
info: Sync state: SYNCING {"timestamp":"2025-03-23T21:54:18.175Z"}
info: Sync state: SYNCING {"timestamp":"2025-03-23T21:54:48.242Z"}
info: Sync state: SYNCING {"timestamp":"2025-03-23T21:55:18.308Z"}
info: Sync state: SYNCING {"timestamp":"2025-03-23T21:55:48.392Z"}
info: Sync state: SYNCING {"timestamp":"2025-03-23T21:56:18.457Z"}
info: Sync state: SYNCING {"timestamp":"2025-03-23T21:56:48.534Z"}
info: Sync state: SYNCING {"timestamp":"2025-03-23T21:57:18.589Z"}
info: Sync state: SYNCING {"timestamp":"2025-03-23T21:57:48.657Z"}
info: Sync state: SYNCING {"timestamp":"2025-03-23T21:58:18.717Z"}
info: Shutting down bot... {"timestamp":"2025-03-23T21:58:46.541Z"}
info: Homeserver URL: https://matrix.org {"timestamp":"2025-03-23T22:04:23.197Z"}
info: User ID: @soundboard:matrix.org {"timestamp":"2025-03-23T22:04:23.200Z"}
info: Access token available: Yes {"timestamp":"2025-03-23T22:04:23.200Z"}
info: Voice room ID: Not configured (will auto-detect) {"timestamp":"2025-03-23T22:04:23.201Z"}
info: Initialized media directories: ./sounds, ./cache {"timestamp":"2025-03-23T22:04:23.203Z"}
info: Found 3 sound files {"timestamp":"2025-03-23T22:04:23.204Z"}
info: Creating client with homeserver: https://matrix.org {"timestamp":"2025-03-23T22:04:23.204Z"}
info: Starting Matrix client... {"timestamp":"2025-03-23T22:04:23.206Z"}
info: Matrix bot connected as @soundboard:matrix.org {"timestamp":"2025-03-23T22:04:23.395Z"}
info: Matrix Soundboard Bot started successfully {"timestamp":"2025-03-23T22:04:23.396Z"}
info: Invited to room !QDvCFSdrNmlKMFEuJe:matrix.org, auto-joining... {"timestamp":"2025-03-23T22:04:23.774Z"}
info: Command received from @petgel1:matrix.org in !QfvlopftFJBKieRMRC:matrix.org: !sound play hallo {"timestamp":"2025-03-23T22:04:23.780Z"}
info: Sync state: PREPARED {"timestamp":"2025-03-23T22:04:23.783Z"}
info: Initial sync completed, bot is ready to respond to commands {"timestamp":"2025-03-23T22:04:23.783Z"}
info: Bot is in 3 rooms: {"timestamp":"2025-03-23T22:04:23.783Z"}
info: - Testspace (!QDvCFSdrNmlKMFEuJe:matrix.org) - unencrypted {"timestamp":"2025-03-23T22:04:23.784Z"}
info: - Videoraum (!HcsVpErwiYhyLExekw:matrix.org) - ENCRYPTED {"timestamp":"2025-03-23T22:04:23.784Z"}
info: - Soundboard (!QfvlopftFJBKieRMRC:matrix.org) - unencrypted {"timestamp":"2025-03-23T22:04:23.784Z"}
info: No voice rooms detected {"timestamp":"2025-03-23T22:04:23.784Z"}
info: Sync state: SYNCING {"timestamp":"2025-03-23T22:04:23.784Z"}
error: No voice rooms available {"timestamp":"2025-03-23T22:04:24.034Z"}
error: Failed to join any voice rooms {"timestamp":"2025-03-23T22:04:24.034Z"}
info: Sync state: SYNCING {"timestamp":"2025-03-23T22:04:24.107Z"}
info: Sync state: SYNCING {"timestamp":"2025-03-23T22:04:24.248Z"}
error: Error sending welcome message: MatrixError: [403] You don't have permission to post that to the room. user_level (0) < send_level (100) (https://matrix.org/_matrix/client/r0/rooms/!QDvCFSdrNmlKMFEuJe%3Amatrix.org/send/m.room.message/m1742767465960.2) {"timestamp":"2025-03-23T22:04:26.049Z"}
info: Sync state: SYNCING {"timestamp":"2025-03-23T22:04:32.250Z"}
info: Command received from @petgel1:matrix.org in !QfvlopftFJBKieRMRC:matrix.org: !rooms {"timestamp":"2025-03-23T22:04:39.147Z"}
info: Sync state: SYNCING {"timestamp":"2025-03-23T22:04:39.149Z"}
info: Sync state: SYNCING {"timestamp":"2025-03-23T22:04:39.400Z"}
info: Sync state: SYNCING {"timestamp":"2025-03-23T22:04:39.938Z"}
info: Sync state: SYNCING {"timestamp":"2025-03-23T22:05:10.033Z"}
info: Sync state: SYNCING {"timestamp":"2025-03-23T22:05:40.104Z"}
info: Sync state: SYNCING {"timestamp":"2025-03-23T22:06:10.170Z"}
info: Sync state: SYNCING {"timestamp":"2025-03-23T22:06:40.230Z"}
info: Sync state: SYNCING {"timestamp":"2025-03-23T22:07:10.299Z"}
info: Sync state: SYNCING {"timestamp":"2025-03-23T22:07:40.361Z"}
info: Sync state: SYNCING {"timestamp":"2025-03-23T22:08:10.419Z"}
info: Sync state: SYNCING {"timestamp":"2025-03-23T22:08:40.486Z"}
info: Sync state: SYNCING {"timestamp":"2025-03-23T22:09:10.563Z"}
info: Sync state: SYNCING {"timestamp":"2025-03-23T22:09:46.685Z"}
info: Sync state: SYNCING {"timestamp":"2025-03-23T22:10:17.345Z"}
info: Sync state: SYNCING {"timestamp":"2025-03-23T22:10:47.404Z"}
info: Shutting down bot... {"timestamp":"2025-03-23T22:10:54.233Z"}
info: Homeserver URL: https://matrix.org {"timestamp":"2025-03-23T22:16:59.914Z"}
info: User ID: @soundboard:matrix.org {"timestamp":"2025-03-23T22:16:59.917Z"}
info: Access token available: Yes {"timestamp":"2025-03-23T22:16:59.917Z"}
info: Voice room ID: Not configured (will auto-detect) {"timestamp":"2025-03-23T22:16:59.917Z"}
info: Initialized media directories: ./sounds, ./cache {"timestamp":"2025-03-23T22:16:59.920Z"}
info: Found 3 sound files {"timestamp":"2025-03-23T22:16:59.920Z"}
info: Creating client with homeserver: https://matrix.org {"timestamp":"2025-03-23T22:16:59.921Z"}
info: Starting Matrix client... {"timestamp":"2025-03-23T22:16:59.922Z"}
info: Matrix bot connected as @soundboard:matrix.org {"timestamp":"2025-03-23T22:17:00.113Z"}
info: Matrix Soundboard Bot started successfully {"timestamp":"2025-03-23T22:17:00.114Z"}
info: Invited to room !QDvCFSdrNmlKMFEuJe:matrix.org, auto-joining... {"timestamp":"2025-03-23T22:17:00.884Z"}
info: Command received from @petgel1:matrix.org in !QfvlopftFJBKieRMRC:matrix.org: !sound play hallo {"timestamp":"2025-03-23T22:17:00.891Z"}
info: Command received from @petgel1:matrix.org in !QfvlopftFJBKieRMRC:matrix.org: !rooms {"timestamp":"2025-03-23T22:17:00.892Z"}
info: Sync state: PREPARED {"timestamp":"2025-03-23T22:17:00.897Z"}
info: Initial sync completed, bot is ready to respond to commands {"timestamp":"2025-03-23T22:17:00.897Z"}
info: Bot is in 3 rooms: {"timestamp":"2025-03-23T22:17:00.897Z"}
info: - Testspace (!QDvCFSdrNmlKMFEuJe:matrix.org) - unencrypted {"timestamp":"2025-03-23T22:17:00.898Z"}
info: - Videoraum (!HcsVpErwiYhyLExekw:matrix.org) - ENCRYPTED {"timestamp":"2025-03-23T22:17:00.898Z"}
info: - Soundboard (!QfvlopftFJBKieRMRC:matrix.org) - unencrypted {"timestamp":"2025-03-23T22:17:00.898Z"}
info: No voice rooms detected {"timestamp":"2025-03-23T22:17:00.898Z"}
info: Sync state: SYNCING {"timestamp":"2025-03-23T22:17:00.898Z"}
info: Sync state: SYNCING {"timestamp":"2025-03-23T22:17:01.196Z"}
error: No voice rooms available {"timestamp":"2025-03-23T22:17:01.296Z"}
error: Failed to join any voice rooms {"timestamp":"2025-03-23T22:17:01.296Z"}
info: Sync state: SYNCING {"timestamp":"2025-03-23T22:17:01.354Z"}
info: Sync state: SYNCING {"timestamp":"2025-03-23T22:17:01.511Z"}
error: Error sending welcome message: MatrixError: [403] You don't have permission to post that to the room. user_level (0) < send_level (100) (https://matrix.org/_matrix/client/r0/rooms/!QDvCFSdrNmlKMFEuJe%3Amatrix.org/send/m.room.message/m1742768223020.3) {"timestamp":"2025-03-23T22:17:03.141Z"}
info: Sync state: SYNCING {"timestamp":"2025-03-23T22:17:09.243Z"}
info: Sync state: SYNCING {"timestamp":"2025-03-23T22:17:39.297Z"}
info: Sync state: SYNCING {"timestamp":"2025-03-23T22:18:09.348Z"}
info: Sync state: SYNCING {"timestamp":"2025-03-23T22:18:39.403Z"}
info: Sync state: SYNCING {"timestamp":"2025-03-23T22:19:09.450Z"}
info: Sync state: SYNCING {"timestamp":"2025-03-23T22:19:39.515Z"}
info: Sync state: SYNCING {"timestamp":"2025-03-23T22:19:59.829Z"}
info: Sync state: SYNCING {"timestamp":"2025-03-23T22:20:02.614Z"}
info: Command received from @petgel1:matrix.org in !QfvlopftFJBKieRMRC:matrix.org: !rooms {"timestamp":"2025-03-23T22:20:21.511Z"}
info: Sync state: SYNCING {"timestamp":"2025-03-23T22:20:21.512Z"}
info: Sync state: SYNCING {"timestamp":"2025-03-23T22:20:21.760Z"}
info: Sync state: SYNCING {"timestamp":"2025-03-23T22:20:22.552Z"}
info: Sync state: SYNCING {"timestamp":"2025-03-23T22:20:39.004Z"}
info: Sync state: SYNCING {"timestamp":"2025-03-23T22:20:44.571Z"}
info: Command received from @petgel1:matrix.org in !QfvlopftFJBKieRMRC:matrix.org: !call {"timestamp":"2025-03-23T22:20:44.774Z"}
info: Sync state: SYNCING {"timestamp":"2025-03-23T22:20:44.776Z"}
info: Sync state: SYNCING {"timestamp":"2025-03-23T22:20:45.004Z"}
info: Sync state: SYNCING {"timestamp":"2025-03-23T22:20:45.286Z"}
info: Sync state: SYNCING {"timestamp":"2025-03-23T22:20:49.189Z"}
info: Sync state: SYNCING {"timestamp":"2025-03-23T22:20:52.063Z"}
info: Command received from @petgel1:matrix.org in !QfvlopftFJBKieRMRC:matrix.org: !call join {"timestamp":"2025-03-23T22:20:52.228Z"}
error: No voice rooms available {"timestamp":"2025-03-23T22:20:52.228Z"}
info: Sync state: SYNCING {"timestamp":"2025-03-23T22:20:52.229Z"}
info: Sync state: SYNCING {"timestamp":"2025-03-23T22:20:52.534Z"}
info: Sync state: SYNCING {"timestamp":"2025-03-23T22:20:53.432Z"}
info: Sync state: SYNCING {"timestamp":"2025-03-23T22:21:23.487Z"}
info: Sync state: SYNCING {"timestamp":"2025-03-23T22:21:53.539Z"}
info: Sync state: SYNCING {"timestamp":"2025-03-23T22:22:23.587Z"}
info: Sync state: SYNCING {"timestamp":"2025-03-23T22:22:53.677Z"}
info: Sync state: SYNCING {"timestamp":"2025-03-23T22:23:23.728Z"}
info: Sync state: SYNCING {"timestamp":"2025-03-23T22:23:53.799Z"}
info: Sync state: SYNCING {"timestamp":"2025-03-23T22:24:23.867Z"}
info: Sync state: SYNCING {"timestamp":"2025-03-23T22:24:53.921Z"}
info: Sync state: SYNCING {"timestamp":"2025-03-23T22:25:23.981Z"}
info: Sync state: SYNCING {"timestamp":"2025-03-23T22:25:54.035Z"}
info: Sync state: SYNCING {"timestamp":"2025-03-23T22:26:24.107Z"}
info: Sync state: SYNCING {"timestamp":"2025-03-23T22:26:54.188Z"}
info: Sync state: SYNCING {"timestamp":"2025-03-23T22:27:24.239Z"}
info: Sync state: SYNCING {"timestamp":"2025-03-23T22:27:54.293Z"}
info: Sync state: SYNCING {"timestamp":"2025-03-23T22:28:24.347Z"}
info: Sync state: SYNCING {"timestamp":"2025-03-23T22:28:54.412Z"}
info: Sync state: SYNCING {"timestamp":"2025-03-23T22:29:24.471Z"}
info: Sync state: SYNCING {"timestamp":"2025-03-23T22:29:54.569Z"}
info: Sync state: SYNCING {"timestamp":"2025-03-23T22:30:24.622Z"}
info: Sync state: SYNCING {"timestamp":"2025-03-23T22:30:54.681Z"}
info: Sync state: SYNCING {"timestamp":"2025-03-23T22:31:24.741Z"}
info: Sync state: SYNCING {"timestamp":"2025-03-23T22:31:54.814Z"}
info: Sync state: SYNCING {"timestamp":"2025-03-23T22:32:24.874Z"}
info: Sync state: SYNCING {"timestamp":"2025-03-23T22:32:54.932Z"}
info: Sync state: SYNCING {"timestamp":"2025-03-23T22:33:24.990Z"}
info: Sync state: SYNCING {"timestamp":"2025-03-23T22:33:55.044Z"}
info: Sync state: SYNCING {"timestamp":"2025-03-23T22:34:25.104Z"}
info: Sync state: SYNCING {"timestamp":"2025-03-23T22:34:55.187Z"}
info: Sync state: SYNCING {"timestamp":"2025-03-23T22:35:25.300Z"}
info: Sync state: SYNCING {"timestamp":"2025-03-23T22:35:55.349Z"}
info: Sync state: SYNCING {"timestamp":"2025-03-23T22:36:25.398Z"}
info: Sync state: SYNCING {"timestamp":"2025-03-23T22:36:55.455Z"}
info: Sync state: SYNCING {"timestamp":"2025-03-23T22:37:25.511Z"}
info: Sync state: SYNCING {"timestamp":"2025-03-23T22:37:55.572Z"}
info: Sync state: SYNCING {"timestamp":"2025-03-23T22:38:25.634Z"}
info: Sync state: SYNCING {"timestamp":"2025-03-23T22:38:55.704Z"}
info: Sync state: SYNCING {"timestamp":"2025-03-23T22:39:25.760Z"}
info: Sync state: SYNCING {"timestamp":"2025-03-23T22:39:55.838Z"}
info: Sync state: SYNCING {"timestamp":"2025-03-23T22:40:25.901Z"}
info: Sync state: SYNCING {"timestamp":"2025-03-23T22:40:55.954Z"}
info: Sync state: SYNCING {"timestamp":"2025-03-23T22:41:26.017Z"}
info: Sync state: SYNCING {"timestamp":"2025-03-23T22:41:56.097Z"}
info: Sync state: SYNCING {"timestamp":"2025-03-23T22:42:26.160Z"}
info: Sync state: SYNCING {"timestamp":"2025-03-23T22:42:56.227Z"}
info: Sync state: SYNCING {"timestamp":"2025-03-23T22:43:26.292Z"}
info: Sync state: SYNCING {"timestamp":"2025-03-23T22:43:56.354Z"}
info: Sync state: SYNCING {"timestamp":"2025-03-23T22:44:26.403Z"}
info: Sync state: SYNCING {"timestamp":"2025-03-23T22:44:56.459Z"}
info: Sync state: SYNCING {"timestamp":"2025-03-23T22:45:26.520Z"}
info: Sync state: SYNCING {"timestamp":"2025-03-23T22:45:56.582Z"}
info: Sync state: SYNCING {"timestamp":"2025-03-23T22:46:26.768Z"}
info: Sync state: SYNCING {"timestamp":"2025-03-23T22:46:58.512Z"}
info: Sync state: SYNCING {"timestamp":"2025-03-23T22:47:28.599Z"}
info: Sync state: SYNCING {"timestamp":"2025-03-23T22:47:58.661Z"}
info: Sync state: SYNCING {"timestamp":"2025-03-23T22:48:28.716Z"}
info: Sync state: SYNCING {"timestamp":"2025-03-23T22:48:58.771Z"}
info: Sync state: SYNCING {"timestamp":"2025-03-23T22:49:28.847Z"}
info: Sync state: SYNCING {"timestamp":"2025-03-23T22:49:58.905Z"}
info: Sync state: SYNCING {"timestamp":"2025-03-23T22:50:28.958Z"}
info: Sync state: SYNCING {"timestamp":"2025-03-23T22:50:59.022Z"}
info: Sync state: SYNCING {"timestamp":"2025-03-23T22:51:29.078Z"}
info: Sync state: SYNCING {"timestamp":"2025-03-23T22:51:59.165Z"}
info: Sync state: SYNCING {"timestamp":"2025-03-23T22:52:29.221Z"}
info: Sync state: SYNCING {"timestamp":"2025-03-23T22:52:59.277Z"}
info: Sync state: SYNCING {"timestamp":"2025-03-23T22:53:29.339Z"}
info: Sync state: SYNCING {"timestamp":"2025-03-23T22:53:59.394Z"}
info: Sync state: SYNCING {"timestamp":"2025-03-23T22:54:29.441Z"}
info: Sync state: SYNCING {"timestamp":"2025-03-23T22:54:59.495Z"}
info: Sync state: SYNCING {"timestamp":"2025-03-23T22:55:29.556Z"}
info: Sync state: SYNCING {"timestamp":"2025-03-23T22:55:59.623Z"}
info: Sync state: SYNCING {"timestamp":"2025-03-23T22:56:29.679Z"}
info: Sync state: SYNCING {"timestamp":"2025-03-23T22:56:59.738Z"}
info: Sync state: SYNCING {"timestamp":"2025-03-23T22:57:29.830Z"}
info: Sync state: SYNCING {"timestamp":"2025-03-23T22:57:59.889Z"}
info: Sync state: SYNCING {"timestamp":"2025-03-23T22:58:29.938Z"}
info: Sync state: SYNCING {"timestamp":"2025-03-23T22:59:00.004Z"}
info: Sync state: SYNCING {"timestamp":"2025-03-23T22:59:30.055Z"}
info: Sync state: SYNCING {"timestamp":"2025-03-23T23:00:00.112Z"}
info: Sync state: SYNCING {"timestamp":"2025-03-23T23:00:30.166Z"}
info: Sync state: SYNCING {"timestamp":"2025-03-23T23:01:00.226Z"}
info: Sync state: SYNCING {"timestamp":"2025-03-23T23:01:30.282Z"}
info: Sync state: SYNCING {"timestamp":"2025-03-23T23:02:00.338Z"}
info: Sync state: SYNCING {"timestamp":"2025-03-23T23:02:30.412Z"}
info: Sync state: SYNCING {"timestamp":"2025-03-23T23:03:00.481Z"}
info: Sync state: SYNCING {"timestamp":"2025-03-23T23:03:30.660Z"}
info: Sync state: SYNCING {"timestamp":"2025-03-23T23:04:00.717Z"}
info: Sync state: SYNCING {"timestamp":"2025-03-23T23:04:30.775Z"}
info: Sync state: SYNCING {"timestamp":"2025-03-23T23:05:00.837Z"}
info: Sync state: SYNCING {"timestamp":"2025-03-23T23:05:30.900Z"}
info: Sync state: SYNCING {"timestamp":"2025-03-23T23:06:00.955Z"}
info: Sync state: SYNCING {"timestamp":"2025-03-23T23:06:31.014Z"}
info: Sync state: SYNCING {"timestamp":"2025-03-23T23:07:01.083Z"}
info: Sync state: SYNCING {"timestamp":"2025-03-23T23:07:31.174Z"}
info: Sync state: SYNCING {"timestamp":"2025-03-23T23:08:01.256Z"}
info: Sync state: SYNCING {"timestamp":"2025-03-23T23:08:31.351Z"}
info: Sync state: SYNCING {"timestamp":"2025-03-23T23:09:01.427Z"}
info: Sync state: SYNCING {"timestamp":"2025-03-23T23:09:31.479Z"}
info: Sync state: SYNCING {"timestamp":"2025-03-23T23:10:01.545Z"}
info: Sync state: SYNCING {"timestamp":"2025-03-23T23:10:31.609Z"}
info: Sync state: SYNCING {"timestamp":"2025-03-23T23:11:01.687Z"}
info: Sync state: SYNCING {"timestamp":"2025-03-23T23:11:31.745Z"}
info: Sync state: SYNCING {"timestamp":"2025-03-23T23:12:01.819Z"}
info: Sync state: SYNCING {"timestamp":"2025-03-23T23:12:31.873Z"}
info: Sync state: SYNCING {"timestamp":"2025-03-23T23:13:01.934Z"}
info: Sync state: SYNCING {"timestamp":"2025-03-23T23:13:32.061Z"}
info: Sync state: SYNCING {"timestamp":"2025-03-23T23:14:02.114Z"}
info: Sync state: SYNCING {"timestamp":"2025-03-23T23:14:32.178Z"}
info: Sync state: SYNCING {"timestamp":"2025-03-23T23:15:02.245Z"}
info: Sync state: SYNCING {"timestamp":"2025-03-23T23:15:32.300Z"}
info: Sync state: SYNCING {"timestamp":"2025-03-23T23:16:02.363Z"}
info: Sync state: SYNCING {"timestamp":"2025-03-23T23:16:32.421Z"}
info: Sync state: SYNCING {"timestamp":"2025-03-23T23:17:02.479Z"}
info: Sync state: SYNCING {"timestamp":"2025-03-23T23:17:32.528Z"}
info: Sync state: SYNCING {"timestamp":"2025-03-23T23:18:02.628Z"}
info: Sync state: SYNCING {"timestamp":"2025-03-23T23:18:32.680Z"}
info: Sync state: SYNCING {"timestamp":"2025-03-23T23:19:02.735Z"}
info: Sync state: SYNCING {"timestamp":"2025-03-23T23:19:32.794Z"}
info: Sync state: SYNCING {"timestamp":"2025-03-23T23:20:02.851Z"}
info: Sync state: SYNCING {"timestamp":"2025-03-23T23:20:32.911Z"}
info: Sync state: SYNCING {"timestamp":"2025-03-23T23:21:02.965Z"}
info: Sync state: SYNCING {"timestamp":"2025-03-23T23:21:33.022Z"}
info: Sync state: SYNCING {"timestamp":"2025-03-23T23:22:03.075Z"}
info: Sync state: SYNCING {"timestamp":"2025-03-23T23:22:33.135Z"}
info: Sync state: SYNCING {"timestamp":"2025-03-23T23:23:03.216Z"}
info: Sync state: SYNCING {"timestamp":"2025-03-23T23:23:33.288Z"}
info: Sync state: SYNCING {"timestamp":"2025-03-23T23:24:03.358Z"}
info: Sync state: SYNCING {"timestamp":"2025-03-23T23:24:33.417Z"}
info: Sync state: SYNCING {"timestamp":"2025-03-23T23:25:03.541Z"}
info: Sync state: SYNCING {"timestamp":"2025-03-23T23:25:33.595Z"}
info: Sync state: SYNCING {"timestamp":"2025-03-23T23:26:03.682Z"}
info: Sync state: SYNCING {"timestamp":"2025-03-23T23:26:33.738Z"}
info: Sync state: SYNCING {"timestamp":"2025-03-23T23:27:03.795Z"}
info: Sync state: SYNCING {"timestamp":"2025-03-23T23:27:33.850Z"}
info: Sync state: SYNCING {"timestamp":"2025-03-23T23:28:03.905Z"}
info: Sync state: SYNCING {"timestamp":"2025-03-23T23:28:33.965Z"}
info: Sync state: SYNCING {"timestamp":"2025-03-23T23:29:04.031Z"}
info: Sync state: SYNCING {"timestamp":"2025-03-23T23:29:34.079Z"}
info: Sync state: SYNCING {"timestamp":"2025-03-23T23:30:04.141Z"}
info: Sync state: SYNCING {"timestamp":"2025-03-23T23:30:34.196Z"}
info: Sync state: SYNCING {"timestamp":"2025-03-23T23:31:04.247Z"}
info: Sync state: SYNCING {"timestamp":"2025-03-23T23:31:34.311Z"}
info: Sync state: SYNCING {"timestamp":"2025-03-23T23:32:04.366Z"}
info: Sync state: SYNCING {"timestamp":"2025-03-23T23:32:34.417Z"}
info: Sync state: SYNCING {"timestamp":"2025-03-23T23:33:04.467Z"}
info: Sync state: SYNCING {"timestamp":"2025-03-23T23:33:34.522Z"}
info: Sync state: SYNCING {"timestamp":"2025-03-23T23:34:04.589Z"}
info: Sync state: SYNCING {"timestamp":"2025-03-23T23:34:34.644Z"}
info: Sync state: SYNCING {"timestamp":"2025-03-23T23:35:04.701Z"}
info: Sync state: SYNCING {"timestamp":"2025-03-23T23:35:34.797Z"}
info: Sync state: SYNCING {"timestamp":"2025-03-23T23:36:04.854Z"}
info: Sync state: SYNCING {"timestamp":"2025-03-23T23:36:34.913Z"}
info: Sync state: SYNCING {"timestamp":"2025-03-23T23:37:04.970Z"}
info: Sync state: SYNCING {"timestamp":"2025-03-23T23:37:35.029Z"}
info: Sync state: SYNCING {"timestamp":"2025-03-23T23:38:05.104Z"}
info: Sync state: SYNCING {"timestamp":"2025-03-23T23:38:35.337Z"}
info: Sync state: SYNCING {"timestamp":"2025-03-23T23:39:05.743Z"}
info: Sync state: SYNCING {"timestamp":"2025-03-23T23:39:35.957Z"}
info: Sync state: SYNCING {"timestamp":"2025-03-23T23:40:07.240Z"}
info: Sync state: SYNCING {"timestamp":"2025-03-23T23:40:37.428Z"}
info: Sync state: SYNCING {"timestamp":"2025-03-23T23:41:07.487Z"}
info: Sync state: SYNCING {"timestamp":"2025-03-23T23:41:37.542Z"}
info: Sync state: SYNCING {"timestamp":"2025-03-23T23:42:07.626Z"}
info: Sync state: SYNCING {"timestamp":"2025-03-23T23:42:43.131Z"}
info: Sync state: SYNCING {"timestamp":"2025-03-23T23:43:15.352Z"}
info: Sync state: SYNCING {"timestamp":"2025-03-23T23:43:45.828Z"}
info: Sync state: SYNCING {"timestamp":"2025-03-23T23:44:15.887Z"}
info: Sync state: SYNCING {"timestamp":"2025-03-23T23:44:45.952Z"}
info: Sync state: SYNCING {"timestamp":"2025-03-23T23:45:16.017Z"}
info: Sync state: SYNCING {"timestamp":"2025-03-23T23:45:46.078Z"}
info: Sync state: SYNCING {"timestamp":"2025-03-23T23:46:16.130Z"}
info: Sync state: SYNCING {"timestamp":"2025-03-23T23:46:46.188Z"}
info: Sync state: SYNCING {"timestamp":"2025-03-23T23:47:16.241Z"}
info: Sync state: SYNCING {"timestamp":"2025-03-23T23:47:46.293Z"}
info: Sync state: SYNCING {"timestamp":"2025-03-23T23:48:16.352Z"}
info: Sync state: SYNCING {"timestamp":"2025-03-23T23:48:46.409Z"}
info: Sync state: SYNCING {"timestamp":"2025-03-23T23:49:16.463Z"}
info: Sync state: SYNCING {"timestamp":"2025-03-23T23:49:46.512Z"}
info: Sync state: SYNCING {"timestamp":"2025-03-23T23:50:16.592Z"}
info: Sync state: SYNCING {"timestamp":"2025-03-23T23:50:46.641Z"}
info: Sync state: SYNCING {"timestamp":"2025-03-23T23:51:16.700Z"}
info: Sync state: SYNCING {"timestamp":"2025-03-23T23:51:46.754Z"}
info: Sync state: SYNCING {"timestamp":"2025-03-23T23:52:16.810Z"}
info: Sync state: SYNCING {"timestamp":"2025-03-23T23:52:46.874Z"}
info: Sync state: SYNCING {"timestamp":"2025-03-23T23:53:17.253Z"}
info: Sync state: SYNCING {"timestamp":"2025-03-23T23:53:47.404Z"}
info: Sync state: SYNCING {"timestamp":"2025-03-23T23:54:17.497Z"}
info: Sync state: SYNCING {"timestamp":"2025-03-23T23:54:47.681Z"}
info: Sync state: SYNCING {"timestamp":"2025-03-23T23:55:17.880Z"}
info: Sync state: SYNCING {"timestamp":"2025-03-23T23:55:47.935Z"}
info: Sync state: SYNCING {"timestamp":"2025-03-23T23:56:17.995Z"}
info: Sync state: SYNCING {"timestamp":"2025-03-23T23:56:48.053Z"}
info: Sync state: SYNCING {"timestamp":"2025-03-23T23:57:18.109Z"}
info: Sync state: SYNCING {"timestamp":"2025-03-23T23:57:48.176Z"}
info: Sync state: SYNCING {"timestamp":"2025-03-23T23:58:18.239Z"}
info: Sync state: SYNCING {"timestamp":"2025-03-23T23:58:48.302Z"}
info: Sync state: SYNCING {"timestamp":"2025-03-23T23:59:18.360Z"}
info: Sync state: SYNCING {"timestamp":"2025-03-23T23:59:48.415Z"}
info: Sync state: SYNCING {"timestamp":"2025-03-24T00:00:18.468Z"}
info: Sync state: SYNCING {"timestamp":"2025-03-24T00:00:48.533Z"}
info: Sync state: SYNCING {"timestamp":"2025-03-24T00:01:18.592Z"}
info: Sync state: SYNCING {"timestamp":"2025-03-24T00:01:48.652Z"}
info: Sync state: SYNCING {"timestamp":"2025-03-24T00:02:18.714Z"}
info: Sync state: SYNCING {"timestamp":"2025-03-24T00:02:48.770Z"}
info: Sync state: SYNCING {"timestamp":"2025-03-24T00:03:18.823Z"}
info: Sync state: SYNCING {"timestamp":"2025-03-24T00:03:48.877Z"}
info: Sync state: SYNCING {"timestamp":"2025-03-24T00:04:18.932Z"}
info: Sync state: SYNCING {"timestamp":"2025-03-24T00:04:48.990Z"}
info: Sync state: SYNCING {"timestamp":"2025-03-24T00:05:19.044Z"}
info: Sync state: SYNCING {"timestamp":"2025-03-24T00:05:49.100Z"}
info: Sync state: SYNCING {"timestamp":"2025-03-24T00:06:19.175Z"}
